<?xml version="1.0" encoding="UTF-8"?>
<!-- Generated by org.testng.reporters.JUnitReportReporter -->
<testsuite skipped="0" hostname="IN5CG6434YRX" name="Global_Environmental_Variables.GlobalVariables" tests="1" failures="0" timestamp="17 Mar 2019 10:49:05 GMT" time="23.763" errors="0">
  <testcase name="Login" time="23.763" classname="Global_Environmental_Variables.GlobalVariables"/>
</testsuite> <!-- Global_Environmental_Variables.GlobalVariables -->
